(0.001) 
            SELECT c.relname, c.relkind
            FROM pg_catalog.pg_class c
            LEFT JOIN pg_catalog.pg_namespace n ON n.oid = c.relnamespace
            WHERE c.relkind IN ('r', 'v')
                AND n.nspname NOT IN ('pg_catalog', 'pg_toast')
                AND pg_catalog.pg_table_is_visible(c.oid); args=None
(0.000) SELECT "django_migrations"."app", "django_migrations"."name" FROM "django_migrations"; args=()
(0.000) SELECT "fenster_fenster"."id", "fenster_fenster"."fenster_width", "fenster_fenster"."fenster_height", "fenster_fenster"."fenster_scheme", "fenster_fenster"."window_view" FROM "fenster_fenster" WHERE "fenster_fenster"."id" = 17; args=(17,)
(0.000) UPDATE "fenster_fenster" SET "fenster_width" = 205, "fenster_height" = 50, "fenster_scheme" = '1,2', "window_view" = '' WHERE "fenster_fenster"."id" = 17; args=(205, 50, '1,2', '', 17)
(0.001) SELECT "fenster_fenster"."id", "fenster_fenster"."fenster_width", "fenster_fenster"."fenster_height", "fenster_fenster"."fenster_scheme", "fenster_fenster"."window_view" FROM "fenster_fenster" ORDER BY "fenster_fenster"."id" ASC; args=()
Exception while resolving variable 'window_height' in template 'fenster/index.html'.
Traceback (most recent call last):
  File "/home/student/anaconda3/lib/python3.7/site-packages/django/template/base.py", line 829, in _resolve_lookup
    current = current[bit]
  File "/home/student/anaconda3/lib/python3.7/site-packages/django/template/context.py", line 83, in __getitem__
    raise KeyError(key)
KeyError: 'window_height'

During handling of the above exception, another exception occurred:

Traceback (most recent call last):
  File "/home/student/anaconda3/lib/python3.7/site-packages/django/template/base.py", line 835, in _resolve_lookup
    if isinstance(current, BaseContext) and getattr(type(current), bit):
AttributeError: type object 'RequestContext' has no attribute 'window_height'

During handling of the above exception, another exception occurred:

Traceback (most recent call last):
  File "/home/student/anaconda3/lib/python3.7/site-packages/django/template/base.py", line 843, in _resolve_lookup
    current = current[int(bit)]
ValueError: invalid literal for int() with base 10: 'window_height'

During handling of the above exception, another exception occurred:

Traceback (most recent call last):
  File "/home/student/anaconda3/lib/python3.7/site-packages/django/template/base.py", line 850, in _resolve_lookup
    (bit, current))  # missing attribute
django.template.base.VariableDoesNotExist: Failed lookup for key [window_height] in [{'True': True, 'False': False, 'None': None}, {'csrf_token': <SimpleLazyObject: 'hhugZricNf94dzUkjSyAGi9u2nuHt8UTpNbOYC4jYgVfErwn3Qo2rMLdTKG1M2qF'>, 'request': <WSGIRequest: POST '/fenster/'>, 'user': <SimpleLazyObject: <function AuthenticationMiddleware.process_request.<locals>.<lambda> at 0x7f8755e94378>>, 'perms': <django.contrib.auth.context_processors.PermWrapper object at 0x7f8754cfe4e0>, 'messages': <django.contrib.messages.storage.fallback.FallbackStorage object at 0x7f8755d9a668>, 'DEFAULT_MESSAGE_LEVELS': {'DEBUG': 10, 'INFO': 20, 'SUCCESS': 25, 'WARNING': 30, 'ERROR': 40}}, {}, {'request_place': "<WSGIRequest: POST '/fenster/'>", 'an exception': "%i format: a number is required, not str<class 'TypeError'>", 'fenster_list': <QuerySet [<Fenster: Fenster object (1)>, <Fenster: Fenster object (2)>, <Fenster: Fenster object (3)>, <Fenster: Fenster object (4)>, <Fenster: Fenster object (5)>, <Fenster: Fenster object (6)>, <Fenster: Fenster object (7)>, <Fenster: Fenster object (8)>, <Fenster: Fenster object (9)>, <Fenster: Fenster object (10)>, <Fenster: Fenster object (11)>, <Fenster: Fenster object (12)>, <Fenster: Fenster object (13)>, <Fenster: Fenster object (14)>, <Fenster: Fenster object (15)>, <Fenster: Fenster object (16)>, <Fenster: Fenster object (17)>]>}, {'forloop': {'parentloop': {}, 'counter0': 0, 'counter': 1, 'revcounter': 17, 'revcounter0': 16, 'first': True, 'last': False}, 'afenster': <Fenster: Fenster object (1)>}]
Exception while resolving variable 'window_height' in template 'fenster/index.html'.
Traceback (most recent call last):
  File "/home/student/anaconda3/lib/python3.7/site-packages/django/template/base.py", line 829, in _resolve_lookup
    current = current[bit]
  File "/home/student/anaconda3/lib/python3.7/site-packages/django/template/context.py", line 83, in __getitem__
    raise KeyError(key)
KeyError: 'window_height'

During handling of the above exception, another exception occurred:

Traceback (most recent call last):
  File "/home/student/anaconda3/lib/python3.7/site-packages/django/template/base.py", line 835, in _resolve_lookup
    if isinstance(current, BaseContext) and getattr(type(current), bit):
AttributeError: type object 'RequestContext' has no attribute 'window_height'

During handling of the above exception, another exception occurred:

Traceback (most recent call last):
  File "/home/student/anaconda3/lib/python3.7/site-packages/django/template/base.py", line 843, in _resolve_lookup
    current = current[int(bit)]
ValueError: invalid literal for int() with base 10: 'window_height'

During handling of the above exception, another exception occurred:

Traceback (most recent call last):
  File "/home/student/anaconda3/lib/python3.7/site-packages/django/template/base.py", line 850, in _resolve_lookup
    (bit, current))  # missing attribute
django.template.base.VariableDoesNotExist: Failed lookup for key [window_height] in [{'True': True, 'False': False, 'None': None}, {'csrf_token': <SimpleLazyObject: 'hhugZricNf94dzUkjSyAGi9u2nuHt8UTpNbOYC4jYgVfErwn3Qo2rMLdTKG1M2qF'>, 'request': <WSGIRequest: POST '/fenster/'>, 'user': <SimpleLazyObject: <function AuthenticationMiddleware.process_request.<locals>.<lambda> at 0x7f8755e94378>>, 'perms': <django.contrib.auth.context_processors.PermWrapper object at 0x7f8754cfe4e0>, 'messages': <django.contrib.messages.storage.fallback.FallbackStorage object at 0x7f8755d9a668>, 'DEFAULT_MESSAGE_LEVELS': {'DEBUG': 10, 'INFO': 20, 'SUCCESS': 25, 'WARNING': 30, 'ERROR': 40}}, {}, {'request_place': "<WSGIRequest: POST '/fenster/'>", 'an exception': "%i format: a number is required, not str<class 'TypeError'>", 'fenster_list': <QuerySet [<Fenster: Fenster object (1)>, <Fenster: Fenster object (2)>, <Fenster: Fenster object (3)>, <Fenster: Fenster object (4)>, <Fenster: Fenster object (5)>, <Fenster: Fenster object (6)>, <Fenster: Fenster object (7)>, <Fenster: Fenster object (8)>, <Fenster: Fenster object (9)>, <Fenster: Fenster object (10)>, <Fenster: Fenster object (11)>, <Fenster: Fenster object (12)>, <Fenster: Fenster object (13)>, <Fenster: Fenster object (14)>, <Fenster: Fenster object (15)>, <Fenster: Fenster object (16)>, <Fenster: Fenster object (17)>]>}, {'forloop': {'parentloop': {}, 'counter0': 1, 'counter': 2, 'revcounter': 16, 'revcounter0': 15, 'first': False, 'last': False}, 'afenster': <Fenster: Fenster object (2)>}]
Exception while resolving variable 'window_height' in template 'fenster/index.html'.
Traceback (most recent call last):
  File "/home/student/anaconda3/lib/python3.7/site-packages/django/template/base.py", line 829, in _resolve_lookup
    current = current[bit]
  File "/home/student/anaconda3/lib/python3.7/site-packages/django/template/context.py", line 83, in __getitem__
    raise KeyError(key)
KeyError: 'window_height'

During handling of the above exception, another exception occurred:

Traceback (most recent call last):
  File "/home/student/anaconda3/lib/python3.7/site-packages/django/template/base.py", line 835, in _resolve_lookup
    if isinstance(current, BaseContext) and getattr(type(current), bit):
AttributeError: type object 'RequestContext' has no attribute 'window_height'

During handling of the above exception, another exception occurred:

Traceback (most recent call last):
  File "/home/student/anaconda3/lib/python3.7/site-packages/django/template/base.py", line 843, in _resolve_lookup
    current = current[int(bit)]
ValueError: invalid literal for int() with base 10: 'window_height'

During handling of the above exception, another exception occurred:

Traceback (most recent call last):
  File "/home/student/anaconda3/lib/python3.7/site-packages/django/template/base.py", line 850, in _resolve_lookup
    (bit, current))  # missing attribute
django.template.base.VariableDoesNotExist: Failed lookup for key [window_height] in [{'True': True, 'False': False, 'None': None}, {'csrf_token': <SimpleLazyObject: 'hhugZricNf94dzUkjSyAGi9u2nuHt8UTpNbOYC4jYgVfErwn3Qo2rMLdTKG1M2qF'>, 'request': <WSGIRequest: POST '/fenster/'>, 'user': <SimpleLazyObject: <function AuthenticationMiddleware.process_request.<locals>.<lambda> at 0x7f8755e94378>>, 'perms': <django.contrib.auth.context_processors.PermWrapper object at 0x7f8754cfe4e0>, 'messages': <django.contrib.messages.storage.fallback.FallbackStorage object at 0x7f8755d9a668>, 'DEFAULT_MESSAGE_LEVELS': {'DEBUG': 10, 'INFO': 20, 'SUCCESS': 25, 'WARNING': 30, 'ERROR': 40}}, {}, {'request_place': "<WSGIRequest: POST '/fenster/'>", 'an exception': "%i format: a number is required, not str<class 'TypeError'>", 'fenster_list': <QuerySet [<Fenster: Fenster object (1)>, <Fenster: Fenster object (2)>, <Fenster: Fenster object (3)>, <Fenster: Fenster object (4)>, <Fenster: Fenster object (5)>, <Fenster: Fenster object (6)>, <Fenster: Fenster object (7)>, <Fenster: Fenster object (8)>, <Fenster: Fenster object (9)>, <Fenster: Fenster object (10)>, <Fenster: Fenster object (11)>, <Fenster: Fenster object (12)>, <Fenster: Fenster object (13)>, <Fenster: Fenster object (14)>, <Fenster: Fenster object (15)>, <Fenster: Fenster object (16)>, <Fenster: Fenster object (17)>]>}, {'forloop': {'parentloop': {}, 'counter0': 2, 'counter': 3, 'revcounter': 15, 'revcounter0': 14, 'first': False, 'last': False}, 'afenster': <Fenster: Fenster object (3)>}]
Exception while resolving variable 'window_height' in template 'fenster/index.html'.
Traceback (most recent call last):
  File "/home/student/anaconda3/lib/python3.7/site-packages/django/template/base.py", line 829, in _resolve_lookup
    current = current[bit]
  File "/home/student/anaconda3/lib/python3.7/site-packages/django/template/context.py", line 83, in __getitem__
    raise KeyError(key)
KeyError: 'window_height'

During handling of the above exception, another exception occurred:

Traceback (most recent call last):
  File "/home/student/anaconda3/lib/python3.7/site-packages/django/template/base.py", line 835, in _resolve_lookup
    if isinstance(current, BaseContext) and getattr(type(current), bit):
AttributeError: type object 'RequestContext' has no attribute 'window_height'

During handling of the above exception, another exception occurred:

Traceback (most recent call last):
  File "/home/student/anaconda3/lib/python3.7/site-packages/django/template/base.py", line 843, in _resolve_lookup
    current = current[int(bit)]
ValueError: invalid literal for int() with base 10: 'window_height'

During handling of the above exception, another exception occurred:

Traceback (most recent call last):
  File "/home/student/anaconda3/lib/python3.7/site-packages/django/template/base.py", line 850, in _resolve_lookup
    (bit, current))  # missing attribute
django.template.base.VariableDoesNotExist: Failed lookup for key [window_height] in [{'True': True, 'False': False, 'None': None}, {'csrf_token': <SimpleLazyObject: 'hhugZricNf94dzUkjSyAGi9u2nuHt8UTpNbOYC4jYgVfErwn3Qo2rMLdTKG1M2qF'>, 'request': <WSGIRequest: POST '/fenster/'>, 'user': <SimpleLazyObject: <function AuthenticationMiddleware.process_request.<locals>.<lambda> at 0x7f8755e94378>>, 'perms': <django.contrib.auth.context_processors.PermWrapper object at 0x7f8754cfe4e0>, 'messages': <django.contrib.messages.storage.fallback.FallbackStorage object at 0x7f8755d9a668>, 'DEFAULT_MESSAGE_LEVELS': {'DEBUG': 10, 'INFO': 20, 'SUCCESS': 25, 'WARNING': 30, 'ERROR': 40}}, {}, {'request_place': "<WSGIRequest: POST '/fenster/'>", 'an exception': "%i format: a number is required, not str<class 'TypeError'>", 'fenster_list': <QuerySet [<Fenster: Fenster object (1)>, <Fenster: Fenster object (2)>, <Fenster: Fenster object (3)>, <Fenster: Fenster object (4)>, <Fenster: Fenster object (5)>, <Fenster: Fenster object (6)>, <Fenster: Fenster object (7)>, <Fenster: Fenster object (8)>, <Fenster: Fenster object (9)>, <Fenster: Fenster object (10)>, <Fenster: Fenster object (11)>, <Fenster: Fenster object (12)>, <Fenster: Fenster object (13)>, <Fenster: Fenster object (14)>, <Fenster: Fenster object (15)>, <Fenster: Fenster object (16)>, <Fenster: Fenster object (17)>]>}, {'forloop': {'parentloop': {}, 'counter0': 3, 'counter': 4, 'revcounter': 14, 'revcounter0': 13, 'first': False, 'last': False}, 'afenster': <Fenster: Fenster object (4)>}]
Exception while resolving variable 'window_height' in template 'fenster/index.html'.
Traceback (most recent call last):
  File "/home/student/anaconda3/lib/python3.7/site-packages/django/template/base.py", line 829, in _resolve_lookup
    current = current[bit]
  File "/home/student/anaconda3/lib/python3.7/site-packages/django/template/context.py", line 83, in __getitem__
    raise KeyError(key)
KeyError: 'window_height'

During handling of the above exception, another exception occurred:

Traceback (most recent call last):
  File "/home/student/anaconda3/lib/python3.7/site-packages/django/template/base.py", line 835, in _resolve_lookup
    if isinstance(current, BaseContext) and getattr(type(current), bit):
AttributeError: type object 'RequestContext' has no attribute 'window_height'

During handling of the above exception, another exception occurred:

Traceback (most recent call last):
  File "/home/student/anaconda3/lib/python3.7/site-packages/django/template/base.py", line 843, in _resolve_lookup
    current = current[int(bit)]
ValueError: invalid literal for int() with base 10: 'window_height'

During handling of the above exception, another exception occurred:

Traceback (most recent call last):
  File "/home/student/anaconda3/lib/python3.7/site-packages/django/template/base.py", line 850, in _resolve_lookup
    (bit, current))  # missing attribute
django.template.base.VariableDoesNotExist: Failed lookup for key [window_height] in [{'True': True, 'False': False, 'None': None}, {'csrf_token': <SimpleLazyObject: 'hhugZricNf94dzUkjSyAGi9u2nuHt8UTpNbOYC4jYgVfErwn3Qo2rMLdTKG1M2qF'>, 'request': <WSGIRequest: POST '/fenster/'>, 'user': <SimpleLazyObject: <function AuthenticationMiddleware.process_request.<locals>.<lambda> at 0x7f8755e94378>>, 'perms': <django.contrib.auth.context_processors.PermWrapper object at 0x7f8754cfe4e0>, 'messages': <django.contrib.messages.storage.fallback.FallbackStorage object at 0x7f8755d9a668>, 'DEFAULT_MESSAGE_LEVELS': {'DEBUG': 10, 'INFO': 20, 'SUCCESS': 25, 'WARNING': 30, 'ERROR': 40}}, {}, {'request_place': "<WSGIRequest: POST '/fenster/'>", 'an exception': "%i format: a number is required, not str<class 'TypeError'>", 'fenster_list': <QuerySet [<Fenster: Fenster object (1)>, <Fenster: Fenster object (2)>, <Fenster: Fenster object (3)>, <Fenster: Fenster object (4)>, <Fenster: Fenster object (5)>, <Fenster: Fenster object (6)>, <Fenster: Fenster object (7)>, <Fenster: Fenster object (8)>, <Fenster: Fenster object (9)>, <Fenster: Fenster object (10)>, <Fenster: Fenster object (11)>, <Fenster: Fenster object (12)>, <Fenster: Fenster object (13)>, <Fenster: Fenster object (14)>, <Fenster: Fenster object (15)>, <Fenster: Fenster object (16)>, <Fenster: Fenster object (17)>]>}, {'forloop': {'parentloop': {}, 'counter0': 4, 'counter': 5, 'revcounter': 13, 'revcounter0': 12, 'first': False, 'last': False}, 'afenster': <Fenster: Fenster object (5)>}]
Exception while resolving variable 'window_height' in template 'fenster/index.html'.
Traceback (most recent call last):
  File "/home/student/anaconda3/lib/python3.7/site-packages/django/template/base.py", line 829, in _resolve_lookup
    current = current[bit]
  File "/home/student/anaconda3/lib/python3.7/site-packages/django/template/context.py", line 83, in __getitem__
    raise KeyError(key)
KeyError: 'window_height'

During handling of the above exception, another exception occurred:

Traceback (most recent call last):
  File "/home/student/anaconda3/lib/python3.7/site-packages/django/template/base.py", line 835, in _resolve_lookup
    if isinstance(current, BaseContext) and getattr(type(current), bit):
AttributeError: type object 'RequestContext' has no attribute 'window_height'

During handling of the above exception, another exception occurred:

Traceback (most recent call last):
  File "/home/student/anaconda3/lib/python3.7/site-packages/django/template/base.py", line 843, in _resolve_lookup
    current = current[int(bit)]
ValueError: invalid literal for int() with base 10: 'window_height'

During handling of the above exception, another exception occurred:

Traceback (most recent call last):
  File "/home/student/anaconda3/lib/python3.7/site-packages/django/template/base.py", line 850, in _resolve_lookup
    (bit, current))  # missing attribute
django.template.base.VariableDoesNotExist: Failed lookup for key [window_height] in [{'True': True, 'False': False, 'None': None}, {'csrf_token': <SimpleLazyObject: 'hhugZricNf94dzUkjSyAGi9u2nuHt8UTpNbOYC4jYgVfErwn3Qo2rMLdTKG1M2qF'>, 'request': <WSGIRequest: POST '/fenster/'>, 'user': <SimpleLazyObject: <function AuthenticationMiddleware.process_request.<locals>.<lambda> at 0x7f8755e94378>>, 'perms': <django.contrib.auth.context_processors.PermWrapper object at 0x7f8754cfe4e0>, 'messages': <django.contrib.messages.storage.fallback.FallbackStorage object at 0x7f8755d9a668>, 'DEFAULT_MESSAGE_LEVELS': {'DEBUG': 10, 'INFO': 20, 'SUCCESS': 25, 'WARNING': 30, 'ERROR': 40}}, {}, {'request_place': "<WSGIRequest: POST '/fenster/'>", 'an exception': "%i format: a number is required, not str<class 'TypeError'>", 'fenster_list': <QuerySet [<Fenster: Fenster object (1)>, <Fenster: Fenster object (2)>, <Fenster: Fenster object (3)>, <Fenster: Fenster object (4)>, <Fenster: Fenster object (5)>, <Fenster: Fenster object (6)>, <Fenster: Fenster object (7)>, <Fenster: Fenster object (8)>, <Fenster: Fenster object (9)>, <Fenster: Fenster object (10)>, <Fenster: Fenster object (11)>, <Fenster: Fenster object (12)>, <Fenster: Fenster object (13)>, <Fenster: Fenster object (14)>, <Fenster: Fenster object (15)>, <Fenster: Fenster object (16)>, <Fenster: Fenster object (17)>]>}, {'forloop': {'parentloop': {}, 'counter0': 5, 'counter': 6, 'revcounter': 12, 'revcounter0': 11, 'first': False, 'last': False}, 'afenster': <Fenster: Fenster object (6)>}]
Exception while resolving variable 'window_height' in template 'fenster/index.html'.
Traceback (most recent call last):
  File "/home/student/anaconda3/lib/python3.7/site-packages/django/template/base.py", line 829, in _resolve_lookup
    current = current[bit]
  File "/home/student/anaconda3/lib/python3.7/site-packages/django/template/context.py", line 83, in __getitem__
    raise KeyError(key)
KeyError: 'window_height'

During handling of the above exception, another exception occurred:

Traceback (most recent call last):
  File "/home/student/anaconda3/lib/python3.7/site-packages/django/template/base.py", line 835, in _resolve_lookup
    if isinstance(current, BaseContext) and getattr(type(current), bit):
AttributeError: type object 'RequestContext' has no attribute 'window_height'

During handling of the above exception, another exception occurred:

Traceback (most recent call last):
  File "/home/student/anaconda3/lib/python3.7/site-packages/django/template/base.py", line 843, in _resolve_lookup
    current = current[int(bit)]
ValueError: invalid literal for int() with base 10: 'window_height'

During handling of the above exception, another exception occurred:

Traceback (most recent call last):
  File "/home/student/anaconda3/lib/python3.7/site-packages/django/template/base.py", line 850, in _resolve_lookup
    (bit, current))  # missing attribute
django.template.base.VariableDoesNotExist: Failed lookup for key [window_height] in [{'True': True, 'False': False, 'None': None}, {'csrf_token': <SimpleLazyObject: 'hhugZricNf94dzUkjSyAGi9u2nuHt8UTpNbOYC4jYgVfErwn3Qo2rMLdTKG1M2qF'>, 'request': <WSGIRequest: POST '/fenster/'>, 'user': <SimpleLazyObject: <function AuthenticationMiddleware.process_request.<locals>.<lambda> at 0x7f8755e94378>>, 'perms': <django.contrib.auth.context_processors.PermWrapper object at 0x7f8754cfe4e0>, 'messages': <django.contrib.messages.storage.fallback.FallbackStorage object at 0x7f8755d9a668>, 'DEFAULT_MESSAGE_LEVELS': {'DEBUG': 10, 'INFO': 20, 'SUCCESS': 25, 'WARNING': 30, 'ERROR': 40}}, {}, {'request_place': "<WSGIRequest: POST '/fenster/'>", 'an exception': "%i format: a number is required, not str<class 'TypeError'>", 'fenster_list': <QuerySet [<Fenster: Fenster object (1)>, <Fenster: Fenster object (2)>, <Fenster: Fenster object (3)>, <Fenster: Fenster object (4)>, <Fenster: Fenster object (5)>, <Fenster: Fenster object (6)>, <Fenster: Fenster object (7)>, <Fenster: Fenster object (8)>, <Fenster: Fenster object (9)>, <Fenster: Fenster object (10)>, <Fenster: Fenster object (11)>, <Fenster: Fenster object (12)>, <Fenster: Fenster object (13)>, <Fenster: Fenster object (14)>, <Fenster: Fenster object (15)>, <Fenster: Fenster object (16)>, <Fenster: Fenster object (17)>]>}, {'forloop': {'parentloop': {}, 'counter0': 6, 'counter': 7, 'revcounter': 11, 'revcounter0': 10, 'first': False, 'last': False}, 'afenster': <Fenster: Fenster object (7)>}]
Exception while resolving variable 'window_height' in template 'fenster/index.html'.
Traceback (most recent call last):
  File "/home/student/anaconda3/lib/python3.7/site-packages/django/template/base.py", line 829, in _resolve_lookup
    current = current[bit]
  File "/home/student/anaconda3/lib/python3.7/site-packages/django/template/context.py", line 83, in __getitem__
    raise KeyError(key)
KeyError: 'window_height'

During handling of the above exception, another exception occurred:

Traceback (most recent call last):
  File "/home/student/anaconda3/lib/python3.7/site-packages/django/template/base.py", line 835, in _resolve_lookup
    if isinstance(current, BaseContext) and getattr(type(current), bit):
AttributeError: type object 'RequestContext' has no attribute 'window_height'

During handling of the above exception, another exception occurred:

Traceback (most recent call last):
  File "/home/student/anaconda3/lib/python3.7/site-packages/django/template/base.py", line 843, in _resolve_lookup
    current = current[int(bit)]
ValueError: invalid literal for int() with base 10: 'window_height'

During handling of the above exception, another exception occurred:

Traceback (most recent call last):
  File "/home/student/anaconda3/lib/python3.7/site-packages/django/template/base.py", line 850, in _resolve_lookup
    (bit, current))  # missing attribute
django.template.base.VariableDoesNotExist: Failed lookup for key [window_height] in [{'True': True, 'False': False, 'None': None}, {'csrf_token': <SimpleLazyObject: 'hhugZricNf94dzUkjSyAGi9u2nuHt8UTpNbOYC4jYgVfErwn3Qo2rMLdTKG1M2qF'>, 'request': <WSGIRequest: POST '/fenster/'>, 'user': <SimpleLazyObject: <function AuthenticationMiddleware.process_request.<locals>.<lambda> at 0x7f8755e94378>>, 'perms': <django.contrib.auth.context_processors.PermWrapper object at 0x7f8754cfe4e0>, 'messages': <django.contrib.messages.storage.fallback.FallbackStorage object at 0x7f8755d9a668>, 'DEFAULT_MESSAGE_LEVELS': {'DEBUG': 10, 'INFO': 20, 'SUCCESS': 25, 'WARNING': 30, 'ERROR': 40}}, {}, {'request_place': "<WSGIRequest: POST '/fenster/'>", 'an exception': "%i format: a number is required, not str<class 'TypeError'>", 'fenster_list': <QuerySet [<Fenster: Fenster object (1)>, <Fenster: Fenster object (2)>, <Fenster: Fenster object (3)>, <Fenster: Fenster object (4)>, <Fenster: Fenster object (5)>, <Fenster: Fenster object (6)>, <Fenster: Fenster object (7)>, <Fenster: Fenster object (8)>, <Fenster: Fenster object (9)>, <Fenster: Fenster object (10)>, <Fenster: Fenster object (11)>, <Fenster: Fenster object (12)>, <Fenster: Fenster object (13)>, <Fenster: Fenster object (14)>, <Fenster: Fenster object (15)>, <Fenster: Fenster object (16)>, <Fenster: Fenster object (17)>]>}, {'forloop': {'parentloop': {}, 'counter0': 7, 'counter': 8, 'revcounter': 10, 'revcounter0': 9, 'first': False, 'last': False}, 'afenster': <Fenster: Fenster object (8)>}]
Exception while resolving variable 'window_height' in template 'fenster/index.html'.
Traceback (most recent call last):
  File "/home/student/anaconda3/lib/python3.7/site-packages/django/template/base.py", line 829, in _resolve_lookup
    current = current[bit]
  File "/home/student/anaconda3/lib/python3.7/site-packages/django/template/context.py", line 83, in __getitem__
    raise KeyError(key)
KeyError: 'window_height'

During handling of the above exception, another exception occurred:

Traceback (most recent call last):
  File "/home/student/anaconda3/lib/python3.7/site-packages/django/template/base.py", line 835, in _resolve_lookup
    if isinstance(current, BaseContext) and getattr(type(current), bit):
AttributeError: type object 'RequestContext' has no attribute 'window_height'

During handling of the above exception, another exception occurred:

Traceback (most recent call last):
  File "/home/student/anaconda3/lib/python3.7/site-packages/django/template/base.py", line 843, in _resolve_lookup
    current = current[int(bit)]
ValueError: invalid literal for int() with base 10: 'window_height'

During handling of the above exception, another exception occurred:

Traceback (most recent call last):
  File "/home/student/anaconda3/lib/python3.7/site-packages/django/template/base.py", line 850, in _resolve_lookup
    (bit, current))  # missing attribute
django.template.base.VariableDoesNotExist: Failed lookup for key [window_height] in [{'True': True, 'False': False, 'None': None}, {'csrf_token': <SimpleLazyObject: 'hhugZricNf94dzUkjSyAGi9u2nuHt8UTpNbOYC4jYgVfErwn3Qo2rMLdTKG1M2qF'>, 'request': <WSGIRequest: POST '/fenster/'>, 'user': <SimpleLazyObject: <function AuthenticationMiddleware.process_request.<locals>.<lambda> at 0x7f8755e94378>>, 'perms': <django.contrib.auth.context_processors.PermWrapper object at 0x7f8754cfe4e0>, 'messages': <django.contrib.messages.storage.fallback.FallbackStorage object at 0x7f8755d9a668>, 'DEFAULT_MESSAGE_LEVELS': {'DEBUG': 10, 'INFO': 20, 'SUCCESS': 25, 'WARNING': 30, 'ERROR': 40}}, {}, {'request_place': "<WSGIRequest: POST '/fenster/'>", 'an exception': "%i format: a number is required, not str<class 'TypeError'>", 'fenster_list': <QuerySet [<Fenster: Fenster object (1)>, <Fenster: Fenster object (2)>, <Fenster: Fenster object (3)>, <Fenster: Fenster object (4)>, <Fenster: Fenster object (5)>, <Fenster: Fenster object (6)>, <Fenster: Fenster object (7)>, <Fenster: Fenster object (8)>, <Fenster: Fenster object (9)>, <Fenster: Fenster object (10)>, <Fenster: Fenster object (11)>, <Fenster: Fenster object (12)>, <Fenster: Fenster object (13)>, <Fenster: Fenster object (14)>, <Fenster: Fenster object (15)>, <Fenster: Fenster object (16)>, <Fenster: Fenster object (17)>]>}, {'forloop': {'parentloop': {}, 'counter0': 8, 'counter': 9, 'revcounter': 9, 'revcounter0': 8, 'first': False, 'last': False}, 'afenster': <Fenster: Fenster object (9)>}]
Exception while resolving variable 'window_height' in template 'fenster/index.html'.
Traceback (most recent call last):
  File "/home/student/anaconda3/lib/python3.7/site-packages/django/template/base.py", line 829, in _resolve_lookup
    current = current[bit]
  File "/home/student/anaconda3/lib/python3.7/site-packages/django/template/context.py", line 83, in __getitem__
    raise KeyError(key)
KeyError: 'window_height'

During handling of the above exception, another exception occurred:

Traceback (most recent call last):
  File "/home/student/anaconda3/lib/python3.7/site-packages/django/template/base.py", line 835, in _resolve_lookup
    if isinstance(current, BaseContext) and getattr(type(current), bit):
AttributeError: type object 'RequestContext' has no attribute 'window_height'

During handling of the above exception, another exception occurred:

Traceback (most recent call last):
  File "/home/student/anaconda3/lib/python3.7/site-packages/django/template/base.py", line 843, in _resolve_lookup
    current = current[int(bit)]
ValueError: invalid literal for int() with base 10: 'window_height'

During handling of the above exception, another exception occurred:

Traceback (most recent call last):
  File "/home/student/anaconda3/lib/python3.7/site-packages/django/template/base.py", line 850, in _resolve_lookup
    (bit, current))  # missing attribute
django.template.base.VariableDoesNotExist: Failed lookup for key [window_height] in [{'True': True, 'False': False, 'None': None}, {'csrf_token': <SimpleLazyObject: 'hhugZricNf94dzUkjSyAGi9u2nuHt8UTpNbOYC4jYgVfErwn3Qo2rMLdTKG1M2qF'>, 'request': <WSGIRequest: POST '/fenster/'>, 'user': <SimpleLazyObject: <function AuthenticationMiddleware.process_request.<locals>.<lambda> at 0x7f8755e94378>>, 'perms': <django.contrib.auth.context_processors.PermWrapper object at 0x7f8754cfe4e0>, 'messages': <django.contrib.messages.storage.fallback.FallbackStorage object at 0x7f8755d9a668>, 'DEFAULT_MESSAGE_LEVELS': {'DEBUG': 10, 'INFO': 20, 'SUCCESS': 25, 'WARNING': 30, 'ERROR': 40}}, {}, {'request_place': "<WSGIRequest: POST '/fenster/'>", 'an exception': "%i format: a number is required, not str<class 'TypeError'>", 'fenster_list': <QuerySet [<Fenster: Fenster object (1)>, <Fenster: Fenster object (2)>, <Fenster: Fenster object (3)>, <Fenster: Fenster object (4)>, <Fenster: Fenster object (5)>, <Fenster: Fenster object (6)>, <Fenster: Fenster object (7)>, <Fenster: Fenster object (8)>, <Fenster: Fenster object (9)>, <Fenster: Fenster object (10)>, <Fenster: Fenster object (11)>, <Fenster: Fenster object (12)>, <Fenster: Fenster object (13)>, <Fenster: Fenster object (14)>, <Fenster: Fenster object (15)>, <Fenster: Fenster object (16)>, <Fenster: Fenster object (17)>]>}, {'forloop': {'parentloop': {}, 'counter0': 9, 'counter': 10, 'revcounter': 8, 'revcounter0': 7, 'first': False, 'last': False}, 'afenster': <Fenster: Fenster object (10)>}]
Exception while resolving variable 'window_height' in template 'fenster/index.html'.
Traceback (most recent call last):
  File "/home/student/anaconda3/lib/python3.7/site-packages/django/template/base.py", line 829, in _resolve_lookup
    current = current[bit]
  File "/home/student/anaconda3/lib/python3.7/site-packages/django/template/context.py", line 83, in __getitem__
    raise KeyError(key)
KeyError: 'window_height'

During handling of the above exception, another exception occurred:

Traceback (most recent call last):
  File "/home/student/anaconda3/lib/python3.7/site-packages/django/template/base.py", line 835, in _resolve_lookup
    if isinstance(current, BaseContext) and getattr(type(current), bit):
AttributeError: type object 'RequestContext' has no attribute 'window_height'

During handling of the above exception, another exception occurred:

Traceback (most recent call last):
  File "/home/student/anaconda3/lib/python3.7/site-packages/django/template/base.py", line 843, in _resolve_lookup
    current = current[int(bit)]
ValueError: invalid literal for int() with base 10: 'window_height'

During handling of the above exception, another exception occurred:

Traceback (most recent call last):
  File "/home/student/anaconda3/lib/python3.7/site-packages/django/template/base.py", line 850, in _resolve_lookup
    (bit, current))  # missing attribute
django.template.base.VariableDoesNotExist: Failed lookup for key [window_height] in [{'True': True, 'False': False, 'None': None}, {'csrf_token': <SimpleLazyObject: 'hhugZricNf94dzUkjSyAGi9u2nuHt8UTpNbOYC4jYgVfErwn3Qo2rMLdTKG1M2qF'>, 'request': <WSGIRequest: POST '/fenster/'>, 'user': <SimpleLazyObject: <function AuthenticationMiddleware.process_request.<locals>.<lambda> at 0x7f8755e94378>>, 'perms': <django.contrib.auth.context_processors.PermWrapper object at 0x7f8754cfe4e0>, 'messages': <django.contrib.messages.storage.fallback.FallbackStorage object at 0x7f8755d9a668>, 'DEFAULT_MESSAGE_LEVELS': {'DEBUG': 10, 'INFO': 20, 'SUCCESS': 25, 'WARNING': 30, 'ERROR': 40}}, {}, {'request_place': "<WSGIRequest: POST '/fenster/'>", 'an exception': "%i format: a number is required, not str<class 'TypeError'>", 'fenster_list': <QuerySet [<Fenster: Fenster object (1)>, <Fenster: Fenster object (2)>, <Fenster: Fenster object (3)>, <Fenster: Fenster object (4)>, <Fenster: Fenster object (5)>, <Fenster: Fenster object (6)>, <Fenster: Fenster object (7)>, <Fenster: Fenster object (8)>, <Fenster: Fenster object (9)>, <Fenster: Fenster object (10)>, <Fenster: Fenster object (11)>, <Fenster: Fenster object (12)>, <Fenster: Fenster object (13)>, <Fenster: Fenster object (14)>, <Fenster: Fenster object (15)>, <Fenster: Fenster object (16)>, <Fenster: Fenster object (17)>]>}, {'forloop': {'parentloop': {}, 'counter0': 10, 'counter': 11, 'revcounter': 7, 'revcounter0': 6, 'first': False, 'last': False}, 'afenster': <Fenster: Fenster object (11)>}]
Exception while resolving variable 'window_height' in template 'fenster/index.html'.
Traceback (most recent call last):
  File "/home/student/anaconda3/lib/python3.7/site-packages/django/template/base.py", line 829, in _resolve_lookup
    current = current[bit]
  File "/home/student/anaconda3/lib/python3.7/site-packages/django/template/context.py", line 83, in __getitem__
    raise KeyError(key)
KeyError: 'window_height'

During handling of the above exception, another exception occurred:

Traceback (most recent call last):
  File "/home/student/anaconda3/lib/python3.7/site-packages/django/template/base.py", line 835, in _resolve_lookup
    if isinstance(current, BaseContext) and getattr(type(current), bit):
AttributeError: type object 'RequestContext' has no attribute 'window_height'

During handling of the above exception, another exception occurred:

Traceback (most recent call last):
  File "/home/student/anaconda3/lib/python3.7/site-packages/django/template/base.py", line 843, in _resolve_lookup
    current = current[int(bit)]
ValueError: invalid literal for int() with base 10: 'window_height'

During handling of the above exception, another exception occurred:

Traceback (most recent call last):
  File "/home/student/anaconda3/lib/python3.7/site-packages/django/template/base.py", line 850, in _resolve_lookup
    (bit, current))  # missing attribute
django.template.base.VariableDoesNotExist: Failed lookup for key [window_height] in [{'True': True, 'False': False, 'None': None}, {'csrf_token': <SimpleLazyObject: 'hhugZricNf94dzUkjSyAGi9u2nuHt8UTpNbOYC4jYgVfErwn3Qo2rMLdTKG1M2qF'>, 'request': <WSGIRequest: POST '/fenster/'>, 'user': <SimpleLazyObject: <function AuthenticationMiddleware.process_request.<locals>.<lambda> at 0x7f8755e94378>>, 'perms': <django.contrib.auth.context_processors.PermWrapper object at 0x7f8754cfe4e0>, 'messages': <django.contrib.messages.storage.fallback.FallbackStorage object at 0x7f8755d9a668>, 'DEFAULT_MESSAGE_LEVELS': {'DEBUG': 10, 'INFO': 20, 'SUCCESS': 25, 'WARNING': 30, 'ERROR': 40}}, {}, {'request_place': "<WSGIRequest: POST '/fenster/'>", 'an exception': "%i format: a number is required, not str<class 'TypeError'>", 'fenster_list': <QuerySet [<Fenster: Fenster object (1)>, <Fenster: Fenster object (2)>, <Fenster: Fenster object (3)>, <Fenster: Fenster object (4)>, <Fenster: Fenster object (5)>, <Fenster: Fenster object (6)>, <Fenster: Fenster object (7)>, <Fenster: Fenster object (8)>, <Fenster: Fenster object (9)>, <Fenster: Fenster object (10)>, <Fenster: Fenster object (11)>, <Fenster: Fenster object (12)>, <Fenster: Fenster object (13)>, <Fenster: Fenster object (14)>, <Fenster: Fenster object (15)>, <Fenster: Fenster object (16)>, <Fenster: Fenster object (17)>]>}, {'forloop': {'parentloop': {}, 'counter0': 11, 'counter': 12, 'revcounter': 6, 'revcounter0': 5, 'first': False, 'last': False}, 'afenster': <Fenster: Fenster object (12)>}]
Exception while resolving variable 'window_height' in template 'fenster/index.html'.
Traceback (most recent call last):
  File "/home/student/anaconda3/lib/python3.7/site-packages/django/template/base.py", line 829, in _resolve_lookup
    current = current[bit]
  File "/home/student/anaconda3/lib/python3.7/site-packages/django/template/context.py", line 83, in __getitem__
    raise KeyError(key)
KeyError: 'window_height'

During handling of the above exception, another exception occurred:

Traceback (most recent call last):
  File "/home/student/anaconda3/lib/python3.7/site-packages/django/template/base.py", line 835, in _resolve_lookup
    if isinstance(current, BaseContext) and getattr(type(current), bit):
AttributeError: type object 'RequestContext' has no attribute 'window_height'

During handling of the above exception, another exception occurred:

Traceback (most recent call last):
  File "/home/student/anaconda3/lib/python3.7/site-packages/django/template/base.py", line 843, in _resolve_lookup
    current = current[int(bit)]
ValueError: invalid literal for int() with base 10: 'window_height'

During handling of the above exception, another exception occurred:

Traceback (most recent call last):
  File "/home/student/anaconda3/lib/python3.7/site-packages/django/template/base.py", line 850, in _resolve_lookup
    (bit, current))  # missing attribute
django.template.base.VariableDoesNotExist: Failed lookup for key [window_height] in [{'True': True, 'False': False, 'None': None}, {'csrf_token': <SimpleLazyObject: 'hhugZricNf94dzUkjSyAGi9u2nuHt8UTpNbOYC4jYgVfErwn3Qo2rMLdTKG1M2qF'>, 'request': <WSGIRequest: POST '/fenster/'>, 'user': <SimpleLazyObject: <function AuthenticationMiddleware.process_request.<locals>.<lambda> at 0x7f8755e94378>>, 'perms': <django.contrib.auth.context_processors.PermWrapper object at 0x7f8754cfe4e0>, 'messages': <django.contrib.messages.storage.fallback.FallbackStorage object at 0x7f8755d9a668>, 'DEFAULT_MESSAGE_LEVELS': {'DEBUG': 10, 'INFO': 20, 'SUCCESS': 25, 'WARNING': 30, 'ERROR': 40}}, {}, {'request_place': "<WSGIRequest: POST '/fenster/'>", 'an exception': "%i format: a number is required, not str<class 'TypeError'>", 'fenster_list': <QuerySet [<Fenster: Fenster object (1)>, <Fenster: Fenster object (2)>, <Fenster: Fenster object (3)>, <Fenster: Fenster object (4)>, <Fenster: Fenster object (5)>, <Fenster: Fenster object (6)>, <Fenster: Fenster object (7)>, <Fenster: Fenster object (8)>, <Fenster: Fenster object (9)>, <Fenster: Fenster object (10)>, <Fenster: Fenster object (11)>, <Fenster: Fenster object (12)>, <Fenster: Fenster object (13)>, <Fenster: Fenster object (14)>, <Fenster: Fenster object (15)>, <Fenster: Fenster object (16)>, <Fenster: Fenster object (17)>]>}, {'forloop': {'parentloop': {}, 'counter0': 12, 'counter': 13, 'revcounter': 5, 'revcounter0': 4, 'first': False, 'last': False}, 'afenster': <Fenster: Fenster object (13)>}]
Exception while resolving variable 'window_height' in template 'fenster/index.html'.
Traceback (most recent call last):
  File "/home/student/anaconda3/lib/python3.7/site-packages/django/template/base.py", line 829, in _resolve_lookup
    current = current[bit]
  File "/home/student/anaconda3/lib/python3.7/site-packages/django/template/context.py", line 83, in __getitem__
    raise KeyError(key)
KeyError: 'window_height'

During handling of the above exception, another exception occurred:

Traceback (most recent call last):
  File "/home/student/anaconda3/lib/python3.7/site-packages/django/template/base.py", line 835, in _resolve_lookup
    if isinstance(current, BaseContext) and getattr(type(current), bit):
AttributeError: type object 'RequestContext' has no attribute 'window_height'

During handling of the above exception, another exception occurred:

Traceback (most recent call last):
  File "/home/student/anaconda3/lib/python3.7/site-packages/django/template/base.py", line 843, in _resolve_lookup
    current = current[int(bit)]
ValueError: invalid literal for int() with base 10: 'window_height'

During handling of the above exception, another exception occurred:

Traceback (most recent call last):
  File "/home/student/anaconda3/lib/python3.7/site-packages/django/template/base.py", line 850, in _resolve_lookup
    (bit, current))  # missing attribute
django.template.base.VariableDoesNotExist: Failed lookup for key [window_height] in [{'True': True, 'False': False, 'None': None}, {'csrf_token': <SimpleLazyObject: 'hhugZricNf94dzUkjSyAGi9u2nuHt8UTpNbOYC4jYgVfErwn3Qo2rMLdTKG1M2qF'>, 'request': <WSGIRequest: POST '/fenster/'>, 'user': <SimpleLazyObject: <function AuthenticationMiddleware.process_request.<locals>.<lambda> at 0x7f8755e94378>>, 'perms': <django.contrib.auth.context_processors.PermWrapper object at 0x7f8754cfe4e0>, 'messages': <django.contrib.messages.storage.fallback.FallbackStorage object at 0x7f8755d9a668>, 'DEFAULT_MESSAGE_LEVELS': {'DEBUG': 10, 'INFO': 20, 'SUCCESS': 25, 'WARNING': 30, 'ERROR': 40}}, {}, {'request_place': "<WSGIRequest: POST '/fenster/'>", 'an exception': "%i format: a number is required, not str<class 'TypeError'>", 'fenster_list': <QuerySet [<Fenster: Fenster object (1)>, <Fenster: Fenster object (2)>, <Fenster: Fenster object (3)>, <Fenster: Fenster object (4)>, <Fenster: Fenster object (5)>, <Fenster: Fenster object (6)>, <Fenster: Fenster object (7)>, <Fenster: Fenster object (8)>, <Fenster: Fenster object (9)>, <Fenster: Fenster object (10)>, <Fenster: Fenster object (11)>, <Fenster: Fenster object (12)>, <Fenster: Fenster object (13)>, <Fenster: Fenster object (14)>, <Fenster: Fenster object (15)>, <Fenster: Fenster object (16)>, <Fenster: Fenster object (17)>]>}, {'forloop': {'parentloop': {}, 'counter0': 13, 'counter': 14, 'revcounter': 4, 'revcounter0': 3, 'first': False, 'last': False}, 'afenster': <Fenster: Fenster object (14)>}]
Exception while resolving variable 'window_height' in template 'fenster/index.html'.
Traceback (most recent call last):
  File "/home/student/anaconda3/lib/python3.7/site-packages/django/template/base.py", line 829, in _resolve_lookup
    current = current[bit]
  File "/home/student/anaconda3/lib/python3.7/site-packages/django/template/context.py", line 83, in __getitem__
    raise KeyError(key)
KeyError: 'window_height'

During handling of the above exception, another exception occurred:

Traceback (most recent call last):
  File "/home/student/anaconda3/lib/python3.7/site-packages/django/template/base.py", line 835, in _resolve_lookup
    if isinstance(current, BaseContext) and getattr(type(current), bit):
AttributeError: type object 'RequestContext' has no attribute 'window_height'

During handling of the above exception, another exception occurred:

Traceback (most recent call last):
  File "/home/student/anaconda3/lib/python3.7/site-packages/django/template/base.py", line 843, in _resolve_lookup
    current = current[int(bit)]
ValueError: invalid literal for int() with base 10: 'window_height'

During handling of the above exception, another exception occurred:

Traceback (most recent call last):
  File "/home/student/anaconda3/lib/python3.7/site-packages/django/template/base.py", line 850, in _resolve_lookup
    (bit, current))  # missing attribute
django.template.base.VariableDoesNotExist: Failed lookup for key [window_height] in [{'True': True, 'False': False, 'None': None}, {'csrf_token': <SimpleLazyObject: 'hhugZricNf94dzUkjSyAGi9u2nuHt8UTpNbOYC4jYgVfErwn3Qo2rMLdTKG1M2qF'>, 'request': <WSGIRequest: POST '/fenster/'>, 'user': <SimpleLazyObject: <function AuthenticationMiddleware.process_request.<locals>.<lambda> at 0x7f8755e94378>>, 'perms': <django.contrib.auth.context_processors.PermWrapper object at 0x7f8754cfe4e0>, 'messages': <django.contrib.messages.storage.fallback.FallbackStorage object at 0x7f8755d9a668>, 'DEFAULT_MESSAGE_LEVELS': {'DEBUG': 10, 'INFO': 20, 'SUCCESS': 25, 'WARNING': 30, 'ERROR': 40}}, {}, {'request_place': "<WSGIRequest: POST '/fenster/'>", 'an exception': "%i format: a number is required, not str<class 'TypeError'>", 'fenster_list': <QuerySet [<Fenster: Fenster object (1)>, <Fenster: Fenster object (2)>, <Fenster: Fenster object (3)>, <Fenster: Fenster object (4)>, <Fenster: Fenster object (5)>, <Fenster: Fenster object (6)>, <Fenster: Fenster object (7)>, <Fenster: Fenster object (8)>, <Fenster: Fenster object (9)>, <Fenster: Fenster object (10)>, <Fenster: Fenster object (11)>, <Fenster: Fenster object (12)>, <Fenster: Fenster object (13)>, <Fenster: Fenster object (14)>, <Fenster: Fenster object (15)>, <Fenster: Fenster object (16)>, <Fenster: Fenster object (17)>]>}, {'forloop': {'parentloop': {}, 'counter0': 14, 'counter': 15, 'revcounter': 3, 'revcounter0': 2, 'first': False, 'last': False}, 'afenster': <Fenster: Fenster object (15)>}]
Exception while resolving variable 'window_height' in template 'fenster/index.html'.
Traceback (most recent call last):
  File "/home/student/anaconda3/lib/python3.7/site-packages/django/template/base.py", line 829, in _resolve_lookup
    current = current[bit]
  File "/home/student/anaconda3/lib/python3.7/site-packages/django/template/context.py", line 83, in __getitem__
    raise KeyError(key)
KeyError: 'window_height'

During handling of the above exception, another exception occurred:

Traceback (most recent call last):
  File "/home/student/anaconda3/lib/python3.7/site-packages/django/template/base.py", line 835, in _resolve_lookup
    if isinstance(current, BaseContext) and getattr(type(current), bit):
AttributeError: type object 'RequestContext' has no attribute 'window_height'

During handling of the above exception, another exception occurred:

Traceback (most recent call last):
  File "/home/student/anaconda3/lib/python3.7/site-packages/django/template/base.py", line 843, in _resolve_lookup
    current = current[int(bit)]
ValueError: invalid literal for int() with base 10: 'window_height'

During handling of the above exception, another exception occurred:

Traceback (most recent call last):
  File "/home/student/anaconda3/lib/python3.7/site-packages/django/template/base.py", line 850, in _resolve_lookup
    (bit, current))  # missing attribute
django.template.base.VariableDoesNotExist: Failed lookup for key [window_height] in [{'True': True, 'False': False, 'None': None}, {'csrf_token': <SimpleLazyObject: 'hhugZricNf94dzUkjSyAGi9u2nuHt8UTpNbOYC4jYgVfErwn3Qo2rMLdTKG1M2qF'>, 'request': <WSGIRequest: POST '/fenster/'>, 'user': <SimpleLazyObject: <function AuthenticationMiddleware.process_request.<locals>.<lambda> at 0x7f8755e94378>>, 'perms': <django.contrib.auth.context_processors.PermWrapper object at 0x7f8754cfe4e0>, 'messages': <django.contrib.messages.storage.fallback.FallbackStorage object at 0x7f8755d9a668>, 'DEFAULT_MESSAGE_LEVELS': {'DEBUG': 10, 'INFO': 20, 'SUCCESS': 25, 'WARNING': 30, 'ERROR': 40}}, {}, {'request_place': "<WSGIRequest: POST '/fenster/'>", 'an exception': "%i format: a number is required, not str<class 'TypeError'>", 'fenster_list': <QuerySet [<Fenster: Fenster object (1)>, <Fenster: Fenster object (2)>, <Fenster: Fenster object (3)>, <Fenster: Fenster object (4)>, <Fenster: Fenster object (5)>, <Fenster: Fenster object (6)>, <Fenster: Fenster object (7)>, <Fenster: Fenster object (8)>, <Fenster: Fenster object (9)>, <Fenster: Fenster object (10)>, <Fenster: Fenster object (11)>, <Fenster: Fenster object (12)>, <Fenster: Fenster object (13)>, <Fenster: Fenster object (14)>, <Fenster: Fenster object (15)>, <Fenster: Fenster object (16)>, <Fenster: Fenster object (17)>]>}, {'forloop': {'parentloop': {}, 'counter0': 15, 'counter': 16, 'revcounter': 2, 'revcounter0': 1, 'first': False, 'last': False}, 'afenster': <Fenster: Fenster object (16)>}]
Exception while resolving variable 'window_height' in template 'fenster/index.html'.
Traceback (most recent call last):
  File "/home/student/anaconda3/lib/python3.7/site-packages/django/template/base.py", line 829, in _resolve_lookup
    current = current[bit]
  File "/home/student/anaconda3/lib/python3.7/site-packages/django/template/context.py", line 83, in __getitem__
    raise KeyError(key)
KeyError: 'window_height'

During handling of the above exception, another exception occurred:

Traceback (most recent call last):
  File "/home/student/anaconda3/lib/python3.7/site-packages/django/template/base.py", line 835, in _resolve_lookup
    if isinstance(current, BaseContext) and getattr(type(current), bit):
AttributeError: type object 'RequestContext' has no attribute 'window_height'

During handling of the above exception, another exception occurred:

Traceback (most recent call last):
  File "/home/student/anaconda3/lib/python3.7/site-packages/django/template/base.py", line 843, in _resolve_lookup
    current = current[int(bit)]
ValueError: invalid literal for int() with base 10: 'window_height'

During handling of the above exception, another exception occurred:

Traceback (most recent call last):
  File "/home/student/anaconda3/lib/python3.7/site-packages/django/template/base.py", line 850, in _resolve_lookup
    (bit, current))  # missing attribute
django.template.base.VariableDoesNotExist: Failed lookup for key [window_height] in [{'True': True, 'False': False, 'None': None}, {'csrf_token': <SimpleLazyObject: 'hhugZricNf94dzUkjSyAGi9u2nuHt8UTpNbOYC4jYgVfErwn3Qo2rMLdTKG1M2qF'>, 'request': <WSGIRequest: POST '/fenster/'>, 'user': <SimpleLazyObject: <function AuthenticationMiddleware.process_request.<locals>.<lambda> at 0x7f8755e94378>>, 'perms': <django.contrib.auth.context_processors.PermWrapper object at 0x7f8754cfe4e0>, 'messages': <django.contrib.messages.storage.fallback.FallbackStorage object at 0x7f8755d9a668>, 'DEFAULT_MESSAGE_LEVELS': {'DEBUG': 10, 'INFO': 20, 'SUCCESS': 25, 'WARNING': 30, 'ERROR': 40}}, {}, {'request_place': "<WSGIRequest: POST '/fenster/'>", 'an exception': "%i format: a number is required, not str<class 'TypeError'>", 'fenster_list': <QuerySet [<Fenster: Fenster object (1)>, <Fenster: Fenster object (2)>, <Fenster: Fenster object (3)>, <Fenster: Fenster object (4)>, <Fenster: Fenster object (5)>, <Fenster: Fenster object (6)>, <Fenster: Fenster object (7)>, <Fenster: Fenster object (8)>, <Fenster: Fenster object (9)>, <Fenster: Fenster object (10)>, <Fenster: Fenster object (11)>, <Fenster: Fenster object (12)>, <Fenster: Fenster object (13)>, <Fenster: Fenster object (14)>, <Fenster: Fenster object (15)>, <Fenster: Fenster object (16)>, <Fenster: Fenster object (17)>]>}, {'forloop': {'parentloop': {}, 'counter0': 16, 'counter': 17, 'revcounter': 1, 'revcounter0': 0, 'first': False, 'last': True}, 'afenster': <Fenster: Fenster object (17)>}]
"POST /fenster/ HTTP/1.1" 200 11232
"GET /static/style.css HTTP/1.1" 404 1651
"GET /static/style.css HTTP/1.1" 404 1651
(0.002) 
            SELECT c.relname, c.relkind
            FROM pg_catalog.pg_class c
            LEFT JOIN pg_catalog.pg_namespace n ON n.oid = c.relnamespace
            WHERE c.relkind IN ('r', 'v')
                AND n.nspname NOT IN ('pg_catalog', 'pg_toast')
                AND pg_catalog.pg_table_is_visible(c.oid); args=None
(0.000) SELECT "django_migrations"."app", "django_migrations"."name" FROM "django_migrations"; args=()
(0.001) SELECT "fenster_fenster"."id", "fenster_fenster"."fenster_width", "fenster_fenster"."fenster_height", "fenster_fenster"."fenster_scheme", "fenster_fenster"."window_view" FROM "fenster_fenster" ORDER BY "fenster_fenster"."id" ASC; args=()
"GET /fenster/ HTTP/1.1" 200 11283
"GET /static/style.css HTTP/1.1" 404 1651
(0.000) SELECT "fenster_fenster"."id", "fenster_fenster"."fenster_width", "fenster_fenster"."fenster_height", "fenster_fenster"."fenster_scheme", "fenster_fenster"."window_view" FROM "fenster_fenster" WHERE "fenster_fenster"."id" = 17; args=(17,)
(0.000) UPDATE "fenster_fenster" SET "fenster_width" = 205, "fenster_height" = 50, "fenster_scheme" = '1,2', "window_view" = '' WHERE "fenster_fenster"."id" = 17; args=(205, 50, '1,2', '', 17)
(0.000) SELECT "fenster_fenster"."id", "fenster_fenster"."fenster_width", "fenster_fenster"."fenster_height", "fenster_fenster"."fenster_scheme", "fenster_fenster"."window_view" FROM "fenster_fenster" ORDER BY "fenster_fenster"."id" ASC; args=()
"POST /fenster/ HTTP/1.1" 200 11283
"GET /static/style.css HTTP/1.1" 404 1651
(0.002) 
            SELECT c.relname, c.relkind
            FROM pg_catalog.pg_class c
            LEFT JOIN pg_catalog.pg_namespace n ON n.oid = c.relnamespace
            WHERE c.relkind IN ('r', 'v')
                AND n.nspname NOT IN ('pg_catalog', 'pg_toast')
                AND pg_catalog.pg_table_is_visible(c.oid); args=None
(0.000) SELECT "django_migrations"."app", "django_migrations"."name" FROM "django_migrations"; args=()
(0.000) SELECT "fenster_fenster"."id", "fenster_fenster"."fenster_width", "fenster_fenster"."fenster_height", "fenster_fenster"."fenster_scheme", "fenster_fenster"."window_view" FROM "fenster_fenster" WHERE "fenster_fenster"."id" = 17; args=(17,)
(0.000) UPDATE "fenster_fenster" SET "fenster_width" = 205, "fenster_height" = 50, "fenster_scheme" = '1,2', "window_view" = '' WHERE "fenster_fenster"."id" = 17; args=(205, 50, '1,2', '', 17)
"POST /fenster/ HTTP/1.1" 302 0
"GET /fenster HTTP/1.1" 301 0
(0.001) SELECT "fenster_fenster"."id", "fenster_fenster"."fenster_width", "fenster_fenster"."fenster_height", "fenster_fenster"."fenster_scheme", "fenster_fenster"."window_view" FROM "fenster_fenster" ORDER BY "fenster_fenster"."id" ASC; args=()
"GET /fenster/ HTTP/1.1" 200 11283
"GET /static/style.css HTTP/1.1" 404 1651
(0.001) 
            SELECT c.relname, c.relkind
            FROM pg_catalog.pg_class c
            LEFT JOIN pg_catalog.pg_namespace n ON n.oid = c.relnamespace
            WHERE c.relkind IN ('r', 'v')
                AND n.nspname NOT IN ('pg_catalog', 'pg_toast')
                AND pg_catalog.pg_table_is_visible(c.oid); args=None
(0.000) SELECT "django_migrations"."app", "django_migrations"."name" FROM "django_migrations"; args=()
(0.001) SELECT "fenster_fenster"."id", "fenster_fenster"."fenster_width", "fenster_fenster"."fenster_height", "fenster_fenster"."fenster_scheme", "fenster_fenster"."window_view" FROM "fenster_fenster" ORDER BY "fenster_fenster"."id" ASC; args=()
"GET /fenster/ HTTP/1.1" 200 11283
"GET /static/style.css HTTP/1.1" 404 1651
(0.000) SELECT "fenster_fenster"."id", "fenster_fenster"."fenster_width", "fenster_fenster"."fenster_height", "fenster_fenster"."fenster_scheme", "fenster_fenster"."window_view" FROM "fenster_fenster" WHERE "fenster_fenster"."id" = 17; args=(17,)
(0.000) UPDATE "fenster_fenster" SET "fenster_width" = 205, "fenster_height" = 50, "fenster_scheme" = '1,2', "window_view" = '' WHERE "fenster_fenster"."id" = 17; args=(205, 50, '1,2', '', 17)
(0.000) SELECT "fenster_fenster"."id", "fenster_fenster"."fenster_width", "fenster_fenster"."fenster_height", "fenster_fenster"."fenster_scheme", "fenster_fenster"."window_view" FROM "fenster_fenster" ORDER BY "fenster_fenster"."id" ASC; args=()
"POST /fenster/ HTTP/1.1" 200 11283
"GET /static/style.css HTTP/1.1" 404 1651
(0.001) 
            SELECT c.relname, c.relkind
            FROM pg_catalog.pg_class c
            LEFT JOIN pg_catalog.pg_namespace n ON n.oid = c.relnamespace
            WHERE c.relkind IN ('r', 'v')
                AND n.nspname NOT IN ('pg_catalog', 'pg_toast')
                AND pg_catalog.pg_table_is_visible(c.oid); args=None
(0.000) SELECT "django_migrations"."app", "django_migrations"."name" FROM "django_migrations"; args=()
(0.001) SELECT "fenster_fenster"."id", "fenster_fenster"."fenster_width", "fenster_fenster"."fenster_height", "fenster_fenster"."fenster_scheme", "fenster_fenster"."window_view" FROM "fenster_fenster" ORDER BY "fenster_fenster"."id" ASC; args=()
"GET /fenster/ HTTP/1.1" 200 11283
"GET /static/style.css HTTP/1.1" 404 1651
(0.000) SELECT "fenster_fenster"."id", "fenster_fenster"."fenster_width", "fenster_fenster"."fenster_height", "fenster_fenster"."fenster_scheme", "fenster_fenster"."window_view" FROM "fenster_fenster" WHERE "fenster_fenster"."id" = 17; args=(17,)
(0.000) UPDATE "fenster_fenster" SET "fenster_width" = 205, "fenster_height" = 50, "fenster_scheme" = '1,2', "window_view" = '' WHERE "fenster_fenster"."id" = 17; args=(205, 50, '1,2', '', 17)
(0.002) SELECT "fenster_fenster"."id", "fenster_fenster"."fenster_width", "fenster_fenster"."fenster_height", "fenster_fenster"."fenster_scheme", "fenster_fenster"."window_view" FROM "fenster_fenster" ORDER BY "fenster_fenster"."id" ASC; args=()
"POST /fenster/ HTTP/1.1" 200 11283
"GET /static/style.css HTTP/1.1" 404 1651
